<?xml version="1.0" encoding="UTF-8"?>
<!-- Generated by org.testng.reporters.JUnitXMLReporter -->
<testsuite ignored="0" hostname="Invictus" failures="0" tests="7" name="ChromeTest(failed)" time="25.307" errors="0" timestamp="2022-03-10T11:07:14 IST">
  <testcase classname="test.VerifyApplicationHeader" name="@BeforeTest launchbrowser" time="24.966">
    <failure type="org.openqa.selenium.SessionNotCreatedException" message="session not created: This version of ChromeDriver only supports Chrome version 97
Current browser version is 99.0.4844.51 with binary path C:\Program Files\Google\Chrome\Application\chrome.exe
Build info: version: &amp;apos;3.141.59&amp;apos;, revision: &amp;apos;e82be7d358&amp;apos;, time: &amp;apos;2018-11-14T08:17:03&amp;apos;
System info: host: &amp;apos;INVICTUS&amp;apos;, ip: &amp;apos;192.168.31.127&amp;apos;, os.name: &amp;apos;Windows 10&amp;apos;, os.arch: &amp;apos;amd64&amp;apos;, os.version: &amp;apos;10.0&amp;apos;, java.version: &amp;apos;17.0.1&amp;apos;
Driver info: driver.version: ChromeDriver
remote stacktrace: Backtrace:
	Ordinal0 [0x0081FDC3+2555331]
	Ordinal0 [0x007B77F1+2127857]
	Ordinal0 [0x006B2E08+1060360]
	Ordinal0 [0x006D19CA+1186250]
	Ordinal0 [0x006CD825+1169445]
	Ordinal0 [0x006CAFC1+1159105]
	Ordinal0 [0x006FC22F+1360431]
	Ordinal0 [0x006FBE9A+1359514]
	Ordinal0 [0x006F7976+1341814]
	Ordinal0 [0x006D36B6+1193654]
	Ordinal0 [0x006D4546+1197382]
	GetHandleVerifier [0x009B9622+1619522]
	GetHandleVerifier [0x00A6882C+2336844]
	GetHandleVerifier [0x008B23E1+541697]
	GetHandleVerifier [0x008B1443+537699]
	Ordinal0 [0x007BD18E+2150798]
	Ordinal0 [0x007C1518+2168088]
	Ordinal0 [0x007C1660+2168416]
	Ordinal0 [0x007CB330+2208560]
	BaseThreadInitThunk [0x765EFA29+25]
	RtlGetAppContainerNamedObjectPath [0x77317A9E+286]
	RtlGetAppContainerNamedObjectPath [0x77317A6E+238]
">
      <![CDATA[org.openqa.selenium.SessionNotCreatedException: session not created: This version of ChromeDriver only supports Chrome version 97
Current browser version is 99.0.4844.51 with binary path C:\Program Files\Google\Chrome\Application\chrome.exe
Build info: version: '3.141.59', revision: 'e82be7d358', time: '2018-11-14T08:17:03'
System info: host: 'INVICTUS', ip: '192.168.31.127', os.name: 'Windows 10', os.arch: 'amd64', os.version: '10.0', java.version: '17.0.1'
Driver info: driver.version: ChromeDriver
remote stacktrace: Backtrace:
Ordinal0 [0x0081FDC3+2555331]
Ordinal0 [0x007B77F1+2127857]
Ordinal0 [0x006B2E08+1060360]
Ordinal0 [0x006D19CA+1186250]
Ordinal0 [0x006CD825+1169445]
Ordinal0 [0x006CAFC1+1159105]
Ordinal0 [0x006FC22F+1360431]
Ordinal0 [0x006FBE9A+1359514]
Ordinal0 [0x006F7976+1341814]
Ordinal0 [0x006D36B6+1193654]
Ordinal0 [0x006D4546+1197382]
GetHandleVerifier [0x009B9622+1619522]
GetHandleVerifier [0x00A6882C+2336844]
GetHandleVerifier [0x008B23E1+541697]
GetHandleVerifier [0x008B1443+537699]
Ordinal0 [0x007BD18E+2150798]
Ordinal0 [0x007C1518+2168088]
Ordinal0 [0x007C1660+2168416]
Ordinal0 [0x007CB330+2208560]
BaseThreadInitThunk [0x765EFA29+25]
RtlGetAppContainerNamedObjectPath [0x77317A9E+286]
RtlGetAppContainerNamedObjectPath [0x77317A6E+238]

at org.openqa.selenium.remote.W3CHandshakeResponse.lambda$errorHandler$0(W3CHandshakeResponse.java:62)
at org.openqa.selenium.remote.HandshakeResponse.lambda$getResponseFunction$0(HandshakeResponse.java:30)
at org.openqa.selenium.remote.ProtocolHandshake.lambda$createSession$0(ProtocolHandshake.java:126)
at java.base/java.util.stream.ReferencePipeline$3$1.accept(ReferencePipeline.java:197)
at java.base/java.util.Spliterators$ArraySpliterator.tryAdvance(Spliterators.java:1002)
at java.base/java.util.stream.ReferencePipeline.forEachWithCancel(ReferencePipeline.java:129)
at java.base/java.util.stream.AbstractPipeline.copyIntoWithCancel(AbstractPipeline.java:527)
at java.base/java.util.stream.AbstractPipeline.copyInto(AbstractPipeline.java:513)
at java.base/java.util.stream.AbstractPipeline.wrapAndCopyInto(AbstractPipeline.java:499)
at java.base/java.util.stream.FindOps$FindOp.evaluateSequential(FindOps.java:150)
at java.base/java.util.stream.AbstractPipeline.evaluate(AbstractPipeline.java:234)
at java.base/java.util.stream.ReferencePipeline.findFirst(ReferencePipeline.java:647)
at org.openqa.selenium.remote.ProtocolHandshake.createSession(ProtocolHandshake.java:128)
at org.openqa.selenium.remote.ProtocolHandshake.createSession(ProtocolHandshake.java:74)
at org.openqa.selenium.remote.HttpCommandExecutor.execute(HttpCommandExecutor.java:136)
at org.openqa.selenium.remote.service.DriverCommandExecutor.execute(DriverCommandExecutor.java:83)
at org.openqa.selenium.remote.RemoteWebDriver.execute(RemoteWebDriver.java:552)
at org.openqa.selenium.remote.RemoteWebDriver.startSession(RemoteWebDriver.java:213)
at org.openqa.selenium.remote.RemoteWebDriver.<init>(RemoteWebDriver.java:131)
at org.openqa.selenium.chrome.ChromeDriver.<init>(ChromeDriver.java:181)
at org.openqa.selenium.chrome.ChromeDriver.<init>(ChromeDriver.java:168)
at org.openqa.selenium.chrome.ChromeDriver.<init>(ChromeDriver.java:157)
at Base.Browser_Pojo_Base.launchChromeBrowser(Browser_Pojo_Base.java:14)
at test.VerifyApplicationHeader.launchbrowser(VerifyApplicationHeader.java:51)
... Removed 29 stack frames]]>
    </failure>
  </testcase> <!-- @BeforeTest launchbrowser -->
  <testcase classname="test.VerifyApplicationHeader" name="@BeforeClass createPOMObjects" time="-1.646890634093E9">
    <skipped/>
  </testcase> <!-- @BeforeClass createPOMObjects -->
  <testcase classname="test.VerifyApplicationHeader" name="@BeforeMethod loginToApplication" time="-1.646890634117E9">
    <skipped/>
  </testcase> <!-- @BeforeMethod loginToApplication -->
  <testcase classname="test.VerifyApplicationHeader" name="@AfterMethod logoutOfApplication" time="-1.646890634154E9">
    <skipped/>
  </testcase> <!-- @AfterMethod logoutOfApplication -->
  <testcase classname="test.VerifyApplicationHeader" name="@BeforeMethod loginToApplication" time="-1.64689063416E9">
    <skipped/>
  </testcase> <!-- @BeforeMethod loginToApplication -->
  <testcase classname="test.VerifyApplicationHeader" name="@AfterMethod logoutOfApplication" time="-1.646890634188E9">
    <skipped/>
  </testcase> <!-- @AfterMethod logoutOfApplication -->
  <testcase classname="test.VerifyApplicationHeader" name="@BeforeMethod loginToApplication" time="-1.646890634197E9">
    <skipped/>
  </testcase> <!-- @BeforeMethod loginToApplication -->
  <testcase classname="test.VerifyApplicationHeader" name="@AfterMethod logoutOfApplication" time="-1.646890634221E9">
    <skipped/>
  </testcase> <!-- @AfterMethod logoutOfApplication -->
  <testcase classname="test.VerifyApplicationHeader" name="@BeforeMethod loginToApplication" time="-1.646890634226E9">
    <skipped/>
  </testcase> <!-- @BeforeMethod loginToApplication -->
  <testcase classname="test.VerifyApplicationHeader" name="@AfterMethod logoutOfApplication" time="-1.646890634244E9">
    <skipped/>
  </testcase> <!-- @AfterMethod logoutOfApplication -->
  <testcase classname="test.VerifyApplicationHeader" name="@BeforeMethod loginToApplication" time="-1.646890634254E9">
    <skipped/>
  </testcase> <!-- @BeforeMethod loginToApplication -->
  <testcase classname="test.VerifyApplicationHeader" name="@AfterMethod logoutOfApplication" time="-1.646890634273E9">
    <skipped/>
  </testcase> <!-- @AfterMethod logoutOfApplication -->
  <testcase classname="test.VerifyApplicationHeader" name="@BeforeMethod loginToApplication" time="-1.646890634278E9">
    <skipped/>
  </testcase> <!-- @BeforeMethod loginToApplication -->
  <testcase classname="test.VerifyApplicationHeader" name="@AfterMethod logoutOfApplication" time="-1.646890634305E9">
    <skipped/>
  </testcase> <!-- @AfterMethod logoutOfApplication -->
  <testcase classname="test.VerifyApplicationHeader" name="@BeforeMethod loginToApplication" time="-1.646890634307E9">
    <skipped/>
  </testcase> <!-- @BeforeMethod loginToApplication -->
  <testcase classname="test.VerifyApplicationHeader" name="@AfterMethod logoutOfApplication" time="-1.646890634328E9">
    <skipped/>
  </testcase> <!-- @AfterMethod logoutOfApplication -->
  <testcase classname="test.VerifyApplicationHeader" name="@AfterClass clearPOMObjects" time="-1.646890634344E9">
    <skipped/>
  </testcase> <!-- @AfterClass clearPOMObjects -->
  <testcase classname="test.VerifyApplicationHeader" name="@AfterTest closeBrowser" time="-1.646890634348E9">
    <skipped/>
  </testcase> <!-- @AfterTest closeBrowser -->
  <testcase classname="test.VerifyApplicationHeader" name="verifyTimeTrackTab" time="0.001">
    <skipped/>
  </testcase> <!-- verifyTimeTrackTab -->
  <testcase classname="test.VerifyApplicationHeader" name="verifyTasksTab" time="0.0">
    <skipped/>
  </testcase> <!-- verifyTasksTab -->
  <testcase classname="test.VerifyApplicationHeader" name="verifyReportTab" time="0.0">
    <skipped/>
  </testcase> <!-- verifyReportTab -->
  <testcase classname="test.VerifyApplicationHeader" name="verifyUserTab" time="0.0">
    <skipped/>
  </testcase> <!-- verifyUserTab -->
  <testcase classname="test.VerifyApplicationHeader" name="verifyWorkScheduleTab" time="0.0">
    <skipped/>
  </testcase> <!-- verifyWorkScheduleTab -->
  <testcase classname="test.VerifyApplicationHeader" name="verifyWorkScheduleTab" time="0.0">
    <skipped/>
  </testcase> <!-- verifyWorkScheduleTab -->
  <testcase classname="test.VerifyApplicationHeader" name="verifyWorkScheduleTab" time="0.0">
    <skipped/>
  </testcase> <!-- verifyWorkScheduleTab -->
</testsuite> <!-- ChromeTest(failed) -->
