<?xml version="1.0" encoding="UTF-8"?>
<!-- Generated by org.testng.reporters.JUnitXMLReporter -->
<testsuite ignored="0" hostname="Invictus" failures="0" tests="7" name="Default test" time="0.633" errors="0" timestamp="2022-03-10T10:57:05 IST">
  <testcase classname="test.VerifyApplicationHeader" name="@BeforeTest launchbrowser" time="-1.646890024752E9">
    <failure type="org.testng.TestNGException" message="
Parameter &amp;apos;browser&amp;apos; is required by BeforeTest on method launchbrowser but has not been marked @Optional or defined
in C:\Users\DELL\AppData\Local\Temp\testng-eclipse-117133987\testng-customsuite.xml">
      <![CDATA[org.testng.TestNGException: 
Parameter 'browser' is required by BeforeTest on method launchbrowser but has not been marked @Optional or defined
in C:\Users\DELL\AppData\Local\Temp\testng-eclipse-117133987\testng-customsuite.xml
at org.testng.internal.Parameters.createParams(Parameters.java:268)
at org.testng.internal.Parameters.createParametersForMethod(Parameters.java:356)
at org.testng.internal.Parameters.createParameters(Parameters.java:700)
at org.testng.internal.Parameters.createConfigurationParameters(Parameters.java:166)
at org.testng.internal.ConfigInvoker.invokeConfigurations(ConfigInvoker.java:301)
at org.testng.TestRunner.invokeTestConfigurations(TestRunner.java:617)
at org.testng.TestRunner.beforeRun(TestRunner.java:607)
at org.testng.TestRunner.run(TestRunner.java:578)
at org.testng.SuiteRunner.runTest(SuiteRunner.java:384)
at org.testng.SuiteRunner.runSequentially(SuiteRunner.java:378)
at org.testng.SuiteRunner.privateRun(SuiteRunner.java:337)
at org.testng.SuiteRunner.run(SuiteRunner.java:286)
at org.testng.SuiteRunnerWorker.runSuite(SuiteRunnerWorker.java:53)
at org.testng.SuiteRunnerWorker.run(SuiteRunnerWorker.java:96)
at org.testng.TestNG.runSuitesSequentially(TestNG.java:1218)
at org.testng.TestNG.runSuitesLocally(TestNG.java:1140)
at org.testng.TestNG.runSuites(TestNG.java:1069)
at org.testng.TestNG.run(TestNG.java:1037)
at org.testng.remote.AbstractRemoteTestNG.run(AbstractRemoteTestNG.java:115)
at org.testng.remote.RemoteTestNG.initAndRun(RemoteTestNG.java:251)
at org.testng.remote.RemoteTestNG.main(RemoteTestNG.java:77)
]]>
    </failure>
  </testcase> <!-- @BeforeTest launchbrowser -->
  <testcase classname="test.VerifyApplicationHeader" name="@BeforeClass createPOMObjects" time="-1.646890024939E9">
    <skipped/>
  </testcase> <!-- @BeforeClass createPOMObjects -->
  <testcase classname="test.VerifyApplicationHeader" name="@BeforeMethod loginToApplication" time="-1.646890025062E9">
    <skipped/>
  </testcase> <!-- @BeforeMethod loginToApplication -->
  <testcase classname="test.VerifyApplicationHeader" name="@AfterMethod logoutOfApplication" time="-1.646890025077E9">
    <skipped/>
  </testcase> <!-- @AfterMethod logoutOfApplication -->
  <testcase classname="test.VerifyApplicationHeader" name="@BeforeMethod loginToApplication" time="-1.646890025101E9">
    <skipped/>
  </testcase> <!-- @BeforeMethod loginToApplication -->
  <testcase classname="test.VerifyApplicationHeader" name="@AfterMethod logoutOfApplication" time="-1.646890025182E9">
    <skipped/>
  </testcase> <!-- @AfterMethod logoutOfApplication -->
  <testcase classname="test.VerifyApplicationHeader" name="@BeforeMethod loginToApplication" time="-1.64689002519E9">
    <skipped/>
  </testcase> <!-- @BeforeMethod loginToApplication -->
  <testcase classname="test.VerifyApplicationHeader" name="@AfterMethod logoutOfApplication" time="-1.646890025199E9">
    <skipped/>
  </testcase> <!-- @AfterMethod logoutOfApplication -->
  <testcase classname="test.VerifyApplicationHeader" name="@BeforeMethod loginToApplication" time="-1.646890025206E9">
    <skipped/>
  </testcase> <!-- @BeforeMethod loginToApplication -->
  <testcase classname="test.VerifyApplicationHeader" name="@AfterMethod logoutOfApplication" time="-1.646890025214E9">
    <skipped/>
  </testcase> <!-- @AfterMethod logoutOfApplication -->
  <testcase classname="test.VerifyApplicationHeader" name="@BeforeMethod loginToApplication" time="-1.646890025222E9">
    <skipped/>
  </testcase> <!-- @BeforeMethod loginToApplication -->
  <testcase classname="test.VerifyApplicationHeader" name="@AfterMethod logoutOfApplication" time="-1.646890025258E9">
    <skipped/>
  </testcase> <!-- @AfterMethod logoutOfApplication -->
  <testcase classname="test.VerifyApplicationHeader" name="@BeforeMethod loginToApplication" time="-1.646890025265E9">
    <skipped/>
  </testcase> <!-- @BeforeMethod loginToApplication -->
  <testcase classname="test.VerifyApplicationHeader" name="@AfterMethod logoutOfApplication" time="-1.646890025294E9">
    <skipped/>
  </testcase> <!-- @AfterMethod logoutOfApplication -->
  <testcase classname="test.VerifyApplicationHeader" name="@BeforeMethod loginToApplication" time="-1.646890025302E9">
    <skipped/>
  </testcase> <!-- @BeforeMethod loginToApplication -->
  <testcase classname="test.VerifyApplicationHeader" name="@AfterMethod logoutOfApplication" time="-1.64689002533E9">
    <skipped/>
  </testcase> <!-- @AfterMethod logoutOfApplication -->
  <testcase classname="test.VerifyApplicationHeader" name="@AfterClass clearPOMObjects" time="-1.646890025369E9">
    <skipped/>
  </testcase> <!-- @AfterClass clearPOMObjects -->
  <testcase classname="test.VerifyApplicationHeader" name="@AfterTest closeBrowser" time="-1.646890025371E9">
    <skipped/>
  </testcase> <!-- @AfterTest closeBrowser -->
  <testcase classname="test.VerifyApplicationHeader" name="verifyTimeTrackTab" time="0.0">
    <skipped/>
  </testcase> <!-- verifyTimeTrackTab -->
  <testcase classname="test.VerifyApplicationHeader" name="verifyTasksTab" time="0.0">
    <skipped/>
  </testcase> <!-- verifyTasksTab -->
  <testcase classname="test.VerifyApplicationHeader" name="verifyReportTab" time="0.0">
    <skipped/>
  </testcase> <!-- verifyReportTab -->
  <testcase classname="test.VerifyApplicationHeader" name="verifyUserTab" time="0.0">
    <skipped/>
  </testcase> <!-- verifyUserTab -->
  <testcase classname="test.VerifyApplicationHeader" name="verifyWorkScheduleTab" time="0.0">
    <skipped/>
  </testcase> <!-- verifyWorkScheduleTab -->
  <testcase classname="test.VerifyApplicationHeader" name="verifyWorkScheduleTab" time="0.0">
    <skipped/>
  </testcase> <!-- verifyWorkScheduleTab -->
  <testcase classname="test.VerifyApplicationHeader" name="verifyWorkScheduleTab" time="0.0">
    <skipped/>
  </testcase> <!-- verifyWorkScheduleTab -->
</testsuite> <!-- Default test -->
